<?xml version="1.0" encoding="UTF-8"?>
<testsuite xmlns:xsi="http://www.w3.org/2001/XMLSchema-instance" xsi:noNamespaceSchemaLocation="https://maven.apache.org/surefire/maven-surefire-plugin/xsd/surefire-test-report.xsd" version="3.0.1" name="com.dvops.maven.eclipse.userservletsTest" time="6.516" tests="2" errors="1" skipped="0" failures="1">
  <properties>
    <property name="java.specification.version" value="23"/>
    <property name="sun.cpu.isalist" value="amd64"/>
    <property name="sun.jnu.encoding" value="Cp1252"/>
    <property name="java.class.path" value="C:\Users\skeet\Desktop\School\Workspace\Project-webApp-timesheet-SSH\target\test-classes;C:\Users\skeet\Desktop\School\Workspace\Project-webApp-timesheet-SSH\target\classes;C:\Users\skeet\.m2\repository\javax\servlet\javax.servlet-api\3.1.0\javax.servlet-api-3.1.0.jar;C:\Users\skeet\.m2\repository\javax\servlet\jsp\javax.servlet.jsp-api\2.3.1\javax.servlet.jsp-api-2.3.1.jar;C:\Users\skeet\.m2\repository\mysql\mysql-connector-java\8.0.25\mysql-connector-java-8.0.25.jar;C:\Users\skeet\.m2\repository\com\google\protobuf\protobuf-java\3.11.4\protobuf-java-3.11.4.jar;C:\Users\skeet\.m2\repository\jstl\jstl\1.2\jstl-1.2.jar;C:\Users\skeet\.m2\repository\org\seleniumhq\selenium\selenium-java\4.29.0\selenium-java-4.29.0.jar;C:\Users\skeet\.m2\repository\org\seleniumhq\selenium\selenium-api\4.29.0\selenium-api-4.29.0.jar;C:\Users\skeet\.m2\repository\org\jspecify\jspecify\1.0.0\jspecify-1.0.0.jar;C:\Users\skeet\.m2\repository\org\seleniumhq\selenium\selenium-chrome-driver\4.29.0\selenium-chrome-driver-4.29.0.jar;C:\Users\skeet\.m2\repository\com\google\auto\service\auto-service-annotations\1.1.1\auto-service-annotations-1.1.1.jar;C:\Users\skeet\.m2\repository\org\seleniumhq\selenium\selenium-chromium-driver\4.29.0\selenium-chromium-driver-4.29.0.jar;C:\Users\skeet\.m2\repository\org\seleniumhq\selenium\selenium-json\4.29.0\selenium-json-4.29.0.jar;C:\Users\skeet\.m2\repository\org\seleniumhq\selenium\selenium-manager\4.29.0\selenium-manager-4.29.0.jar;C:\Users\skeet\.m2\repository\org\seleniumhq\selenium\selenium-devtools-v131\4.29.0\selenium-devtools-v131-4.29.0.jar;C:\Users\skeet\.m2\repository\org\seleniumhq\selenium\selenium-devtools-v132\4.29.0\selenium-devtools-v132-4.29.0.jar;C:\Users\skeet\.m2\repository\org\seleniumhq\selenium\selenium-devtools-v133\4.29.0\selenium-devtools-v133-4.29.0.jar;C:\Users\skeet\.m2\repository\org\seleniumhq\selenium\selenium-devtools-v85\4.29.0\selenium-devtools-v85-4.29.0.jar;C:\Users\skeet\.m2\repository\org\seleniumhq\selenium\selenium-edge-driver\4.29.0\selenium-edge-driver-4.29.0.jar;C:\Users\skeet\.m2\repository\org\seleniumhq\selenium\selenium-firefox-driver\4.29.0\selenium-firefox-driver-4.29.0.jar;C:\Users\skeet\.m2\repository\org\seleniumhq\selenium\selenium-http\4.29.0\selenium-http-4.29.0.jar;C:\Users\skeet\.m2\repository\org\seleniumhq\selenium\selenium-ie-driver\4.29.0\selenium-ie-driver-4.29.0.jar;C:\Users\skeet\.m2\repository\org\seleniumhq\selenium\selenium-remote-driver\4.29.0\selenium-remote-driver-4.29.0.jar;C:\Users\skeet\.m2\repository\io\opentelemetry\semconv\opentelemetry-semconv\1.28.0-alpha\opentelemetry-semconv-1.28.0-alpha.jar;C:\Users\skeet\.m2\repository\io\opentelemetry\opentelemetry-api\1.46.0\opentelemetry-api-1.46.0.jar;C:\Users\skeet\.m2\repository\io\opentelemetry\opentelemetry-context\1.46.0\opentelemetry-context-1.46.0.jar;C:\Users\skeet\.m2\repository\io\opentelemetry\opentelemetry-exporter-logging\1.46.0\opentelemetry-exporter-logging-1.46.0.jar;C:\Users\skeet\.m2\repository\io\opentelemetry\opentelemetry-sdk-common\1.46.0\opentelemetry-sdk-common-1.46.0.jar;C:\Users\skeet\.m2\repository\io\opentelemetry\opentelemetry-sdk-extension-autoconfigure-spi\1.46.0\opentelemetry-sdk-extension-autoconfigure-spi-1.46.0.jar;C:\Users\skeet\.m2\repository\io\opentelemetry\opentelemetry-sdk-extension-autoconfigure\1.46.0\opentelemetry-sdk-extension-autoconfigure-1.46.0.jar;C:\Users\skeet\.m2\repository\io\opentelemetry\opentelemetry-api-incubator\1.46.0-alpha\opentelemetry-api-incubator-1.46.0-alpha.jar;C:\Users\skeet\.m2\repository\io\opentelemetry\opentelemetry-sdk-trace\1.46.0\opentelemetry-sdk-trace-1.46.0.jar;C:\Users\skeet\.m2\repository\io\opentelemetry\opentelemetry-sdk\1.46.0\opentelemetry-sdk-1.46.0.jar;C:\Users\skeet\.m2\repository\io\opentelemetry\opentelemetry-sdk-metrics\1.46.0\opentelemetry-sdk-metrics-1.46.0.jar;C:\Users\skeet\.m2\repository\io\opentelemetry\opentelemetry-sdk-logs\1.46.0\opentelemetry-sdk-logs-1.46.0.jar;C:\Users\skeet\.m2\repository\org\seleniumhq\selenium\selenium-os\4.29.0\selenium-os-4.29.0.jar;C:\Users\skeet\.m2\repository\org\apache\commons\commons-exec\1.4.0\commons-exec-1.4.0.jar;C:\Users\skeet\.m2\repository\org\seleniumhq\selenium\selenium-safari-driver\4.29.0\selenium-safari-driver-4.29.0.jar;C:\Users\skeet\.m2\repository\org\seleniumhq\selenium\selenium-support\4.29.0\selenium-support-4.29.0.jar;C:\Users\skeet\.m2\repository\org\testng\testng\7.10.2\testng-7.10.2.jar;C:\Users\skeet\.m2\repository\com\beust\jcommander\1.82\jcommander-1.82.jar;C:\Users\skeet\.m2\repository\org\webjars\jquery\3.7.1\jquery-3.7.1.jar;C:\Users\skeet\.m2\repository\org\junit\jupiter\junit-jupiter\5.11.4\junit-jupiter-5.11.4.jar;C:\Users\skeet\.m2\repository\org\junit\jupiter\junit-jupiter-api\5.11.4\junit-jupiter-api-5.11.4.jar;C:\Users\skeet\.m2\repository\org\opentest4j\opentest4j\1.3.0\opentest4j-1.3.0.jar;C:\Users\skeet\.m2\repository\org\junit\platform\junit-platform-commons\1.11.4\junit-platform-commons-1.11.4.jar;C:\Users\skeet\.m2\repository\org\apiguardian\apiguardian-api\1.1.2\apiguardian-api-1.1.2.jar;C:\Users\skeet\.m2\repository\org\junit\jupiter\junit-jupiter-params\5.11.4\junit-jupiter-params-5.11.4.jar;C:\Users\skeet\.m2\repository\org\junit\jupiter\junit-jupiter-engine\5.11.4\junit-jupiter-engine-5.11.4.jar;C:\Users\skeet\.m2\repository\org\junit\platform\junit-platform-engine\1.11.4\junit-platform-engine-1.11.4.jar;C:\Users\skeet\.m2\repository\org\apache\tomcat\embed\tomcat-embed-jasper\10.1.10\tomcat-embed-jasper-10.1.10.jar;C:\Users\skeet\.m2\repository\org\apache\tomcat\embed\tomcat-embed-core\10.1.10\tomcat-embed-core-10.1.10.jar;C:\Users\skeet\.m2\repository\org\apache\tomcat\tomcat-annotations-api\10.1.10\tomcat-annotations-api-10.1.10.jar;C:\Users\skeet\.m2\repository\org\apache\tomcat\embed\tomcat-embed-el\10.1.10\tomcat-embed-el-10.1.10.jar;C:\Users\skeet\.m2\repository\org\eclipse\jdt\ecj\3.33.0\ecj-3.33.0.jar;C:\Users\skeet\.m2\repository\org\slf4j\slf4j-api\2.0.16\slf4j-api-2.0.16.jar;C:\Users\skeet\.m2\repository\org\slf4j\slf4j-simple\2.0.16\slf4j-simple-2.0.16.jar;C:\Users\skeet\.m2\repository\com\google\guava\guava\33.4.0-jre\guava-33.4.0-jre.jar;C:\Users\skeet\.m2\repository\com\google\guava\failureaccess\1.0.2\failureaccess-1.0.2.jar;C:\Users\skeet\.m2\repository\com\google\guava\listenablefuture\9999.0-empty-to-avoid-conflict-with-guava\listenablefuture-9999.0-empty-to-avoid-conflict-with-guava.jar;C:\Users\skeet\.m2\repository\com\google\code\findbugs\jsr305\3.0.2\jsr305-3.0.2.jar;C:\Users\skeet\.m2\repository\org\checkerframework\checker-qual\3.43.0\checker-qual-3.43.0.jar;C:\Users\skeet\.m2\repository\com\google\errorprone\error_prone_annotations\2.36.0\error_prone_annotations-2.36.0.jar;C:\Users\skeet\.m2\repository\com\google\j2objc\j2objc-annotations\3.0.0\j2objc-annotations-3.0.0.jar;C:\Users\skeet\.m2\repository\net\sourceforge\htmlunit\htmlunit\2.47.0\htmlunit-2.47.0.jar;C:\Users\skeet\.m2\repository\xalan\xalan\2.7.2\xalan-2.7.2.jar;C:\Users\skeet\.m2\repository\xalan\serializer\2.7.2\serializer-2.7.2.jar;C:\Users\skeet\.m2\repository\org\apache\commons\commons-lang3\3.11\commons-lang3-3.11.jar;C:\Users\skeet\.m2\repository\org\apache\commons\commons-text\1.9\commons-text-1.9.jar;C:\Users\skeet\.m2\repository\org\apache\httpcomponents\httpmime\4.5.13\httpmime-4.5.13.jar;C:\Users\skeet\.m2\repository\org\apache\httpcomponents\httpclient\4.5.13\httpclient-4.5.13.jar;C:\Users\skeet\.m2\repository\org\apache\httpcomponents\httpcore\4.4.13\httpcore-4.4.13.jar;C:\Users\skeet\.m2\repository\commons-codec\commons-codec\1.11\commons-codec-1.11.jar;C:\Users\skeet\.m2\repository\net\sourceforge\htmlunit\htmlunit-core-js\2.47.0\htmlunit-core-js-2.47.0.jar;C:\Users\skeet\.m2\repository\net\sourceforge\htmlunit\neko-htmlunit\2.47.0\neko-htmlunit-2.47.0.jar;C:\Users\skeet\.m2\repository\xerces\xercesImpl\2.12.0\xercesImpl-2.12.0.jar;C:\Users\skeet\.m2\repository\xml-apis\xml-apis\1.4.01\xml-apis-1.4.01.jar;C:\Users\skeet\.m2\repository\net\sourceforge\htmlunit\htmlunit-cssparser\1.7.0\htmlunit-cssparser-1.7.0.jar;C:\Users\skeet\.m2\repository\commons-io\commons-io\2.8.0\commons-io-2.8.0.jar;C:\Users\skeet\.m2\repository\commons-logging\commons-logging\1.2\commons-logging-1.2.jar;C:\Users\skeet\.m2\repository\commons-net\commons-net\3.7.2\commons-net-3.7.2.jar;C:\Users\skeet\.m2\repository\org\brotli\dec\0.1.2\dec-0.1.2.jar;C:\Users\skeet\.m2\repository\com\shapesecurity\salvation2\3.0.0\salvation2-3.0.0.jar;C:\Users\skeet\.m2\repository\org\eclipse\jetty\websocket\websocket-client\9.4.36.v20210114\websocket-client-9.4.36.v20210114.jar;C:\Users\skeet\.m2\repository\org\eclipse\jetty\jetty-client\9.4.36.v20210114\jetty-client-9.4.36.v20210114.jar;C:\Users\skeet\.m2\repository\org\eclipse\jetty\jetty-http\9.4.36.v20210114\jetty-http-9.4.36.v20210114.jar;C:\Users\skeet\.m2\repository\org\eclipse\jetty\jetty-util\9.4.36.v20210114\jetty-util-9.4.36.v20210114.jar;C:\Users\skeet\.m2\repository\org\eclipse\jetty\jetty-io\9.4.36.v20210114\jetty-io-9.4.36.v20210114.jar;C:\Users\skeet\.m2\repository\org\eclipse\jetty\websocket\websocket-common\9.4.36.v20210114\websocket-common-9.4.36.v20210114.jar;C:\Users\skeet\.m2\repository\org\eclipse\jetty\websocket\websocket-api\9.4.36.v20210114\websocket-api-9.4.36.v20210114.jar;C:\Users\skeet\.m2\repository\org\json\json\20210307\json-20210307.jar;C:\Users\skeet\.m2\repository\org\mockito\mockito-core\3.3.3\mockito-core-3.3.3.jar;C:\Users\skeet\.m2\repository\net\bytebuddy\byte-buddy\1.10.5\byte-buddy-1.10.5.jar;C:\Users\skeet\.m2\repository\net\bytebuddy\byte-buddy-agent\1.10.5\byte-buddy-agent-1.10.5.jar;C:\Users\skeet\.m2\repository\org\objenesis\objenesis\2.6\objenesis-2.6.jar;"/>
    <property name="java.vm.vendor" value="Eclipse Adoptium"/>
    <property name="sun.arch.data.model" value="64"/>
    <property name="user.variant" value=""/>
    <property name="java.vendor.url" value="https://adoptium.net/"/>
    <property name="user.timezone" value="Asia/Singapore"/>
    <property name="os.name" value="Windows 11"/>
    <property name="java.vm.specification.version" value="23"/>
    <property name="sun.java.launcher" value="SUN_STANDARD"/>
    <property name="user.country" value="SG"/>
    <property name="sun.boot.library.path" value="C:\Users\skeet\.p2\pool\plugins\org.eclipse.justj.openjdk.hotspot.jre.full.win32.x86_64_23.0.2.v20250131-0604\jre\bin"/>
    <property name="sun.java.command" value="C:\Users\skeet\AppData\Local\Temp\surefire2529905394836183005\surefirebooter-20250226130429072_3.jar C:\Users\skeet\AppData\Local\Temp\surefire2529905394836183005 2025-02-26T13-04-28_905-jvmRun1 surefire-20250226130429072_1tmp surefire_0-20250226130429072_2tmp"/>
    <property name="jdk.debug" value="release"/>
    <property name="surefire.test.class.path" value="C:\Users\skeet\Desktop\School\Workspace\Project-webApp-timesheet-SSH\target\test-classes;C:\Users\skeet\Desktop\School\Workspace\Project-webApp-timesheet-SSH\target\classes;C:\Users\skeet\.m2\repository\javax\servlet\javax.servlet-api\3.1.0\javax.servlet-api-3.1.0.jar;C:\Users\skeet\.m2\repository\javax\servlet\jsp\javax.servlet.jsp-api\2.3.1\javax.servlet.jsp-api-2.3.1.jar;C:\Users\skeet\.m2\repository\mysql\mysql-connector-java\8.0.25\mysql-connector-java-8.0.25.jar;C:\Users\skeet\.m2\repository\com\google\protobuf\protobuf-java\3.11.4\protobuf-java-3.11.4.jar;C:\Users\skeet\.m2\repository\jstl\jstl\1.2\jstl-1.2.jar;C:\Users\skeet\.m2\repository\org\seleniumhq\selenium\selenium-java\4.29.0\selenium-java-4.29.0.jar;C:\Users\skeet\.m2\repository\org\seleniumhq\selenium\selenium-api\4.29.0\selenium-api-4.29.0.jar;C:\Users\skeet\.m2\repository\org\jspecify\jspecify\1.0.0\jspecify-1.0.0.jar;C:\Users\skeet\.m2\repository\org\seleniumhq\selenium\selenium-chrome-driver\4.29.0\selenium-chrome-driver-4.29.0.jar;C:\Users\skeet\.m2\repository\com\google\auto\service\auto-service-annotations\1.1.1\auto-service-annotations-1.1.1.jar;C:\Users\skeet\.m2\repository\org\seleniumhq\selenium\selenium-chromium-driver\4.29.0\selenium-chromium-driver-4.29.0.jar;C:\Users\skeet\.m2\repository\org\seleniumhq\selenium\selenium-json\4.29.0\selenium-json-4.29.0.jar;C:\Users\skeet\.m2\repository\org\seleniumhq\selenium\selenium-manager\4.29.0\selenium-manager-4.29.0.jar;C:\Users\skeet\.m2\repository\org\seleniumhq\selenium\selenium-devtools-v131\4.29.0\selenium-devtools-v131-4.29.0.jar;C:\Users\skeet\.m2\repository\org\seleniumhq\selenium\selenium-devtools-v132\4.29.0\selenium-devtools-v132-4.29.0.jar;C:\Users\skeet\.m2\repository\org\seleniumhq\selenium\selenium-devtools-v133\4.29.0\selenium-devtools-v133-4.29.0.jar;C:\Users\skeet\.m2\repository\org\seleniumhq\selenium\selenium-devtools-v85\4.29.0\selenium-devtools-v85-4.29.0.jar;C:\Users\skeet\.m2\repository\org\seleniumhq\selenium\selenium-edge-driver\4.29.0\selenium-edge-driver-4.29.0.jar;C:\Users\skeet\.m2\repository\org\seleniumhq\selenium\selenium-firefox-driver\4.29.0\selenium-firefox-driver-4.29.0.jar;C:\Users\skeet\.m2\repository\org\seleniumhq\selenium\selenium-http\4.29.0\selenium-http-4.29.0.jar;C:\Users\skeet\.m2\repository\org\seleniumhq\selenium\selenium-ie-driver\4.29.0\selenium-ie-driver-4.29.0.jar;C:\Users\skeet\.m2\repository\org\seleniumhq\selenium\selenium-remote-driver\4.29.0\selenium-remote-driver-4.29.0.jar;C:\Users\skeet\.m2\repository\io\opentelemetry\semconv\opentelemetry-semconv\1.28.0-alpha\opentelemetry-semconv-1.28.0-alpha.jar;C:\Users\skeet\.m2\repository\io\opentelemetry\opentelemetry-api\1.46.0\opentelemetry-api-1.46.0.jar;C:\Users\skeet\.m2\repository\io\opentelemetry\opentelemetry-context\1.46.0\opentelemetry-context-1.46.0.jar;C:\Users\skeet\.m2\repository\io\opentelemetry\opentelemetry-exporter-logging\1.46.0\opentelemetry-exporter-logging-1.46.0.jar;C:\Users\skeet\.m2\repository\io\opentelemetry\opentelemetry-sdk-common\1.46.0\opentelemetry-sdk-common-1.46.0.jar;C:\Users\skeet\.m2\repository\io\opentelemetry\opentelemetry-sdk-extension-autoconfigure-spi\1.46.0\opentelemetry-sdk-extension-autoconfigure-spi-1.46.0.jar;C:\Users\skeet\.m2\repository\io\opentelemetry\opentelemetry-sdk-extension-autoconfigure\1.46.0\opentelemetry-sdk-extension-autoconfigure-1.46.0.jar;C:\Users\skeet\.m2\repository\io\opentelemetry\opentelemetry-api-incubator\1.46.0-alpha\opentelemetry-api-incubator-1.46.0-alpha.jar;C:\Users\skeet\.m2\repository\io\opentelemetry\opentelemetry-sdk-trace\1.46.0\opentelemetry-sdk-trace-1.46.0.jar;C:\Users\skeet\.m2\repository\io\opentelemetry\opentelemetry-sdk\1.46.0\opentelemetry-sdk-1.46.0.jar;C:\Users\skeet\.m2\repository\io\opentelemetry\opentelemetry-sdk-metrics\1.46.0\opentelemetry-sdk-metrics-1.46.0.jar;C:\Users\skeet\.m2\repository\io\opentelemetry\opentelemetry-sdk-logs\1.46.0\opentelemetry-sdk-logs-1.46.0.jar;C:\Users\skeet\.m2\repository\org\seleniumhq\selenium\selenium-os\4.29.0\selenium-os-4.29.0.jar;C:\Users\skeet\.m2\repository\org\apache\commons\commons-exec\1.4.0\commons-exec-1.4.0.jar;C:\Users\skeet\.m2\repository\org\seleniumhq\selenium\selenium-safari-driver\4.29.0\selenium-safari-driver-4.29.0.jar;C:\Users\skeet\.m2\repository\org\seleniumhq\selenium\selenium-support\4.29.0\selenium-support-4.29.0.jar;C:\Users\skeet\.m2\repository\org\testng\testng\7.10.2\testng-7.10.2.jar;C:\Users\skeet\.m2\repository\com\beust\jcommander\1.82\jcommander-1.82.jar;C:\Users\skeet\.m2\repository\org\webjars\jquery\3.7.1\jquery-3.7.1.jar;C:\Users\skeet\.m2\repository\org\junit\jupiter\junit-jupiter\5.11.4\junit-jupiter-5.11.4.jar;C:\Users\skeet\.m2\repository\org\junit\jupiter\junit-jupiter-api\5.11.4\junit-jupiter-api-5.11.4.jar;C:\Users\skeet\.m2\repository\org\opentest4j\opentest4j\1.3.0\opentest4j-1.3.0.jar;C:\Users\skeet\.m2\repository\org\junit\platform\junit-platform-commons\1.11.4\junit-platform-commons-1.11.4.jar;C:\Users\skeet\.m2\repository\org\apiguardian\apiguardian-api\1.1.2\apiguardian-api-1.1.2.jar;C:\Users\skeet\.m2\repository\org\junit\jupiter\junit-jupiter-params\5.11.4\junit-jupiter-params-5.11.4.jar;C:\Users\skeet\.m2\repository\org\junit\jupiter\junit-jupiter-engine\5.11.4\junit-jupiter-engine-5.11.4.jar;C:\Users\skeet\.m2\repository\org\junit\platform\junit-platform-engine\1.11.4\junit-platform-engine-1.11.4.jar;C:\Users\skeet\.m2\repository\org\apache\tomcat\embed\tomcat-embed-jasper\10.1.10\tomcat-embed-jasper-10.1.10.jar;C:\Users\skeet\.m2\repository\org\apache\tomcat\embed\tomcat-embed-core\10.1.10\tomcat-embed-core-10.1.10.jar;C:\Users\skeet\.m2\repository\org\apache\tomcat\tomcat-annotations-api\10.1.10\tomcat-annotations-api-10.1.10.jar;C:\Users\skeet\.m2\repository\org\apache\tomcat\embed\tomcat-embed-el\10.1.10\tomcat-embed-el-10.1.10.jar;C:\Users\skeet\.m2\repository\org\eclipse\jdt\ecj\3.33.0\ecj-3.33.0.jar;C:\Users\skeet\.m2\repository\org\slf4j\slf4j-api\2.0.16\slf4j-api-2.0.16.jar;C:\Users\skeet\.m2\repository\org\slf4j\slf4j-simple\2.0.16\slf4j-simple-2.0.16.jar;C:\Users\skeet\.m2\repository\com\google\guava\guava\33.4.0-jre\guava-33.4.0-jre.jar;C:\Users\skeet\.m2\repository\com\google\guava\failureaccess\1.0.2\failureaccess-1.0.2.jar;C:\Users\skeet\.m2\repository\com\google\guava\listenablefuture\9999.0-empty-to-avoid-conflict-with-guava\listenablefuture-9999.0-empty-to-avoid-conflict-with-guava.jar;C:\Users\skeet\.m2\repository\com\google\code\findbugs\jsr305\3.0.2\jsr305-3.0.2.jar;C:\Users\skeet\.m2\repository\org\checkerframework\checker-qual\3.43.0\checker-qual-3.43.0.jar;C:\Users\skeet\.m2\repository\com\google\errorprone\error_prone_annotations\2.36.0\error_prone_annotations-2.36.0.jar;C:\Users\skeet\.m2\repository\com\google\j2objc\j2objc-annotations\3.0.0\j2objc-annotations-3.0.0.jar;C:\Users\skeet\.m2\repository\net\sourceforge\htmlunit\htmlunit\2.47.0\htmlunit-2.47.0.jar;C:\Users\skeet\.m2\repository\xalan\xalan\2.7.2\xalan-2.7.2.jar;C:\Users\skeet\.m2\repository\xalan\serializer\2.7.2\serializer-2.7.2.jar;C:\Users\skeet\.m2\repository\org\apache\commons\commons-lang3\3.11\commons-lang3-3.11.jar;C:\Users\skeet\.m2\repository\org\apache\commons\commons-text\1.9\commons-text-1.9.jar;C:\Users\skeet\.m2\repository\org\apache\httpcomponents\httpmime\4.5.13\httpmime-4.5.13.jar;C:\Users\skeet\.m2\repository\org\apache\httpcomponents\httpclient\4.5.13\httpclient-4.5.13.jar;C:\Users\skeet\.m2\repository\org\apache\httpcomponents\httpcore\4.4.13\httpcore-4.4.13.jar;C:\Users\skeet\.m2\repository\commons-codec\commons-codec\1.11\commons-codec-1.11.jar;C:\Users\skeet\.m2\repository\net\sourceforge\htmlunit\htmlunit-core-js\2.47.0\htmlunit-core-js-2.47.0.jar;C:\Users\skeet\.m2\repository\net\sourceforge\htmlunit\neko-htmlunit\2.47.0\neko-htmlunit-2.47.0.jar;C:\Users\skeet\.m2\repository\xerces\xercesImpl\2.12.0\xercesImpl-2.12.0.jar;C:\Users\skeet\.m2\repository\xml-apis\xml-apis\1.4.01\xml-apis-1.4.01.jar;C:\Users\skeet\.m2\repository\net\sourceforge\htmlunit\htmlunit-cssparser\1.7.0\htmlunit-cssparser-1.7.0.jar;C:\Users\skeet\.m2\repository\commons-io\commons-io\2.8.0\commons-io-2.8.0.jar;C:\Users\skeet\.m2\repository\commons-logging\commons-logging\1.2\commons-logging-1.2.jar;C:\Users\skeet\.m2\repository\commons-net\commons-net\3.7.2\commons-net-3.7.2.jar;C:\Users\skeet\.m2\repository\org\brotli\dec\0.1.2\dec-0.1.2.jar;C:\Users\skeet\.m2\repository\com\shapesecurity\salvation2\3.0.0\salvation2-3.0.0.jar;C:\Users\skeet\.m2\repository\org\eclipse\jetty\websocket\websocket-client\9.4.36.v20210114\websocket-client-9.4.36.v20210114.jar;C:\Users\skeet\.m2\repository\org\eclipse\jetty\jetty-client\9.4.36.v20210114\jetty-client-9.4.36.v20210114.jar;C:\Users\skeet\.m2\repository\org\eclipse\jetty\jetty-http\9.4.36.v20210114\jetty-http-9.4.36.v20210114.jar;C:\Users\skeet\.m2\repository\org\eclipse\jetty\jetty-util\9.4.36.v20210114\jetty-util-9.4.36.v20210114.jar;C:\Users\skeet\.m2\repository\org\eclipse\jetty\jetty-io\9.4.36.v20210114\jetty-io-9.4.36.v20210114.jar;C:\Users\skeet\.m2\repository\org\eclipse\jetty\websocket\websocket-common\9.4.36.v20210114\websocket-common-9.4.36.v20210114.jar;C:\Users\skeet\.m2\repository\org\eclipse\jetty\websocket\websocket-api\9.4.36.v20210114\websocket-api-9.4.36.v20210114.jar;C:\Users\skeet\.m2\repository\org\json\json\20210307\json-20210307.jar;C:\Users\skeet\.m2\repository\org\mockito\mockito-core\3.3.3\mockito-core-3.3.3.jar;C:\Users\skeet\.m2\repository\net\bytebuddy\byte-buddy\1.10.5\byte-buddy-1.10.5.jar;C:\Users\skeet\.m2\repository\net\bytebuddy\byte-buddy-agent\1.10.5\byte-buddy-agent-1.10.5.jar;C:\Users\skeet\.m2\repository\org\objenesis\objenesis\2.6\objenesis-2.6.jar;"/>
    <property name="sun.cpu.endian" value="little"/>
    <property name="user.home" value="C:\Users\skeet"/>
    <property name="user.language" value="en"/>
    <property name="java.specification.vendor" value="Oracle Corporation"/>
    <property name="java.version.date" value="2025-01-21"/>
    <property name="java.home" value="C:\Users\skeet\.p2\pool\plugins\org.eclipse.justj.openjdk.hotspot.jre.full.win32.x86_64_23.0.2.v20250131-0604\jre"/>
    <property name="file.separator" value="\"/>
    <property name="basedir" value="C:\Users\skeet\Desktop\School\Workspace\Project-webApp-timesheet-SSH"/>
    <property name="style.color" value="always"/>
    <property name="java.vm.compressedOopsMode" value="Zero based"/>
    <property name="line.separator" value="&#10;"/>
    <property name="java.vm.specification.vendor" value="Oracle Corporation"/>
    <property name="java.specification.name" value="Java Platform API Specification"/>
    <property name="surefire.real.class.path" value="C:\Users\skeet\AppData\Local\Temp\surefire2529905394836183005\surefirebooter-20250226130429072_3.jar"/>
    <property name="user.script" value=""/>
    <property name="sun.management.compiler" value="HotSpot 64-Bit Tiered Compilers"/>
    <property name="java.runtime.version" value="23.0.2+7"/>
    <property name="user.name" value="skeet"/>
    <property name="stdout.encoding" value="Cp1252"/>
    <property name="path.separator" value=";"/>
    <property name="os.version" value="10.0"/>
    <property name="java.runtime.name" value="OpenJDK Runtime Environment"/>
    <property name="file.encoding" value="UTF-8"/>
    <property name="java.vm.name" value="OpenJDK 64-Bit Server VM"/>
    <property name="java.vendor.version" value="Temurin-23.0.2+7"/>
    <property name="localRepository" value="C:\Users\skeet\.m2\repository"/>
    <property name="java.vendor.url.bug" value="https://github.com/adoptium/adoptium-support/issues"/>
    <property name="java.io.tmpdir" value="C:\Users\skeet\AppData\Local\Temp\"/>
    <property name="java.version" value="23.0.2"/>
    <property name="user.dir" value="C:\Users\skeet\Desktop\School\Workspace\Project-webApp-timesheet-SSH"/>
    <property name="os.arch" value="amd64"/>
    <property name="java.vm.specification.name" value="Java Virtual Machine Specification"/>
    <property name="sun.os.patch.level" value=""/>
    <property name="native.encoding" value="Cp1252"/>
    <property name="java.library.path" value="C:\Users\skeet\.p2\pool\plugins\org.eclipse.justj.openjdk.hotspot.jre.full.win32.x86_64_23.0.2.v20250131-0604\jre\bin;C:\Windows\Sun\Java\bin;C:\Windows\system32;C:\Windows;C:/Users/skeet/.p2/pool/plugins/org.eclipse.justj.openjdk.hotspot.jre.full.win32.x86_64_23.0.2.v20250131-0604/jre/bin/server;C:/Users/skeet/.p2/pool/plugins/org.eclipse.justj.openjdk.hotspot.jre.full.win32.x86_64_23.0.2.v20250131-0604/jre/bin;C:\Program Files\Common Files\Oracle\Java\javapath;C:\Program Files\Java\jdk-17\bin;C:\Windows;C:\Windows\system32;C:\Windows\System32\Wbem;C:\Windows\System32\WindowsPowerShell\v1.0\;C:\Windows\System32\OpenSSH\;C:\Program Files\Git\cmd;C:\Program Files\apache-maven-3.9.9\bin;C:\Program Files\Java\jdk-17\bin;C:\Users\skeet\AppData\Local\Microsoft\WindowsApps;;C:\Windows\system32;;."/>
    <property name="java.vm.info" value="mixed mode, sharing"/>
    <property name="stderr.encoding" value="Cp1252"/>
    <property name="java.vendor" value="Eclipse Adoptium"/>
    <property name="java.vm.version" value="23.0.2+7"/>
    <property name="sun.io.unicode.encoding" value="UnicodeLittle"/>
    <property name="java.class.version" value="67.0"/>
  </properties>
  <testcase name="checkTitle" classname="com.dvops.maven.eclipse.userservletsTest" time="3.099">
    <failure message="expected [Dashboard] but found [HTTP Status 404 – Not Found]" type="java.lang.AssertionError"><![CDATA[java.lang.AssertionError: expected [Dashboard] but found [HTTP Status 404 – Not Found]
	at org.testng.Assert.fail(Assert.java:111)
	at org.testng.Assert.failNotEquals(Assert.java:1578)
	at org.testng.Assert.assertEqualsImpl(Assert.java:150)
	at org.testng.Assert.assertEquals(Assert.java:132)
	at org.testng.Assert.assertEquals(Assert.java:656)
	at org.testng.Assert.assertEquals(Assert.java:666)
	at com.dvops.maven.eclipse.userservletsTest.checkTitle(userservletsTest.java:33)
	at java.base/java.lang.reflect.Method.invoke(Method.java:580)
	at java.base/java.util.ArrayList.forEach(ArrayList.java:1597)
	at java.base/java.util.ArrayList.forEach(ArrayList.java:1597)
]]></failure>
  </testcase>
  <testcase name="testButtonPresence" classname="com.dvops.maven.eclipse.userservletsTest" time="3.398">
    <error message="no such element: Unable to locate element: {&quot;method&quot;:&quot;link text&quot;,&quot;selector&quot;:&quot;Add New Employee&quot;}&#10;  (Session info: chrome=133.0.6943.127)&#10;For documentation on this error, please visit: https://www.selenium.dev/documentation/webdriver/troubleshooting/errors#no-such-element-exception&#10;Build info: version: &apos;4.29.0&apos;, revision: &apos;5fc1ec94cb&apos;&#10;System info: os.name: &apos;Windows 11&apos;, os.arch: &apos;amd64&apos;, os.version: &apos;10.0&apos;, java.version: &apos;23.0.2&apos;&#10;Driver info: org.openqa.selenium.chrome.ChromeDriver&#10;Command: [e53fea73431ffd81738b3ef19ba4db67, findElement {using=link text, value=Add New Employee}]&#10;Capabilities {acceptInsecureCerts: false, browserName: chrome, browserVersion: 133.0.6943.127, chrome: {chromedriverVersion: 133.0.6943.141 (2a5d6da0d61..., userDataDir: C:\Users\skeet\AppData\Loca...}, fedcm:accounts: true, goog:chromeOptions: {debuggerAddress: localhost:53098}, networkConnectionEnabled: false, pageLoadStrategy: normal, platformName: windows, proxy: Proxy(), se:cdp: ws://localhost:53098/devtoo..., se:cdpVersion: 133.0.6943.127, setWindowRect: true, strictFileInteractability: false, timeouts: {implicit: 0, pageLoad: 300000, script: 30000}, unhandledPromptBehavior: dismiss and notify, webauthn:extension:credBlob: true, webauthn:extension:largeBlob: true, webauthn:extension:minPinLength: true, webauthn:extension:prf: true, webauthn:virtualAuthenticators: true}&#10;Session ID: e53fea73431ffd81738b3ef19ba4db67" type="org.openqa.selenium.NoSuchElementException"><![CDATA[org.openqa.selenium.NoSuchElementException: 
no such element: Unable to locate element: {"method":"link text","selector":"Add New Employee"}
  (Session info: chrome=133.0.6943.127)
For documentation on this error, please visit: https://www.selenium.dev/documentation/webdriver/troubleshooting/errors#no-such-element-exception
Build info: version: '4.29.0', revision: '5fc1ec94cb'
System info: os.name: 'Windows 11', os.arch: 'amd64', os.version: '10.0', java.version: '23.0.2'
Driver info: org.openqa.selenium.chrome.ChromeDriver
Command: [e53fea73431ffd81738b3ef19ba4db67, findElement {using=link text, value=Add New Employee}]
Capabilities {acceptInsecureCerts: false, browserName: chrome, browserVersion: 133.0.6943.127, chrome: {chromedriverVersion: 133.0.6943.141 (2a5d6da0d61..., userDataDir: C:\Users\skeet\AppData\Loca...}, fedcm:accounts: true, goog:chromeOptions: {debuggerAddress: localhost:53098}, networkConnectionEnabled: false, pageLoadStrategy: normal, platformName: windows, proxy: Proxy(), se:cdp: ws://localhost:53098/devtoo..., se:cdpVersion: 133.0.6943.127, setWindowRect: true, strictFileInteractability: false, timeouts: {implicit: 0, pageLoad: 300000, script: 30000}, unhandledPromptBehavior: dismiss and notify, webauthn:extension:credBlob: true, webauthn:extension:largeBlob: true, webauthn:extension:minPinLength: true, webauthn:extension:prf: true, webauthn:virtualAuthenticators: true}
Session ID: e53fea73431ffd81738b3ef19ba4db67
	at java.base/jdk.internal.reflect.DirectConstructorHandleAccessor.newInstance(DirectConstructorHandleAccessor.java:62)
	at java.base/java.lang.reflect.Constructor.newInstanceWithCaller(Constructor.java:501)
	at java.base/java.lang.reflect.Constructor.newInstance(Constructor.java:485)
	at org.openqa.selenium.remote.ErrorCodec.decode(ErrorCodec.java:167)
	at org.openqa.selenium.remote.codec.w3c.W3CHttpResponseCodec.decode(W3CHttpResponseCodec.java:138)
	at org.openqa.selenium.remote.codec.w3c.W3CHttpResponseCodec.decode(W3CHttpResponseCodec.java:50)
	at org.openqa.selenium.remote.HttpCommandExecutor.execute(HttpCommandExecutor.java:215)
	at org.openqa.selenium.remote.service.DriverCommandExecutor.invokeExecute(DriverCommandExecutor.java:216)
	at org.openqa.selenium.remote.service.DriverCommandExecutor.execute(DriverCommandExecutor.java:174)
	at org.openqa.selenium.remote.RemoteWebDriver.execute(RemoteWebDriver.java:545)
	at org.openqa.selenium.remote.ElementLocation$ElementFinder$2.findElement(ElementLocation.java:165)
	at org.openqa.selenium.remote.ElementLocation.findElement(ElementLocation.java:59)
	at org.openqa.selenium.remote.RemoteWebDriver.findElement(RemoteWebDriver.java:368)
	at org.openqa.selenium.remote.RemoteWebDriver.findElement(RemoteWebDriver.java:362)
	at com.dvops.maven.eclipse.userservletsTest.testButtonPresence(userservletsTest.java:42)
	at java.base/java.lang.reflect.Method.invoke(Method.java:580)
	at java.base/java.util.ArrayList.forEach(ArrayList.java:1597)
	at java.base/java.util.ArrayList.forEach(ArrayList.java:1597)
]]></error>
  </testcase>
</testsuite>