<?xml version="1.0" encoding="UTF-8"?>
<!-- Generated by org.testng.reporters.JUnitReportReporter -->
<testsuite hostname="BabyDemon" failures="0" tests="2" name="com.dvops.maven.eclipse.TestLogin1" time="2.538" errors="0" timestamp="2025-02-25T02:27:51 SGT" skipped="0">
  <testcase classname="com.dvops.maven.eclipse.TestLogin1" name="testServletDoPost90" time="2.520"/>
  <system-out/>
  <testcase classname="com.dvops.maven.eclipse.TestLogin1" name="testJspPage" time="0.018"/>
  <system-out/>
</testsuite> <!-- com.dvops.maven.eclipse.TestLogin1 -->
