<?xml version="1.0" encoding="UTF-8"?>
<!-- Generated by org.testng.reporters.JUnitReportReporter -->
<testsuite hostname="BabyDemon" failures="0" tests="2" name="com.dvops.maven.eclipse.NewTest" time="0.600" errors="0" timestamp="2025-02-21T13:38:08 SGT" skipped="0">
  <testcase classname="com.dvops.maven.eclipse.NewTest" name="checkTitle" time="0.359"/>
  <testcase classname="com.dvops.maven.eclipse.NewTest" name="testButtonPresence" time="0.241"/>
</testsuite> <!-- com.dvops.maven.eclipse.NewTest -->
